[debug] [2022-12-28T18:34:20.883Z] ----------------------------------------------------------------------
[debug] [2022-12-28T18:34:20.887Z] Command:       /usr/bin/node /usr/local/bin/firebase init
[debug] [2022-12-28T18:34:20.888Z] CLI Version:   11.19.0
[debug] [2022-12-28T18:34:20.888Z] Platform:      linux
[debug] [2022-12-28T18:34:20.888Z] Node Version:  v16.15.1
[debug] [2022-12-28T18:34:21.010Z] Time:          Wed Dec 28 2022 13:34:20 GMT-0500 (Eastern Standard Time)
[debug] [2022-12-28T18:34:21.011Z] ----------------------------------------------------------------------
[debug] 
[debug] [2022-12-28T18:34:21.169Z] > command requires scopes: ["email","openid","https://www.googleapis.com/auth/cloudplatformprojects.readonly","https://www.googleapis.com/auth/firebase","https://www.googleapis.com/auth/cloud-platform"]
[debug] [2022-12-28T18:34:21.170Z] > authorizing via signed-in user (louisjoshbricks@gmail.com)
[info] 
     ######## #### ########  ######## ########     ###     ######  ########
     ##        ##  ##     ## ##       ##     ##  ##   ##  ##       ##
     ######    ##  ########  ######   ########  #########  ######  ######
     ##        ##  ##    ##  ##       ##     ## ##     ##       ## ##
     ##       #### ##     ## ######## ########  ##     ##  ######  ########

You're about to initialize a Firebase project in this directory:

  /home/ottojoash/Documents/my-portfolio

Before we get started, keep in mind:

  * You are initializing within an existing Firebase project directory

[info] 
=== Project Setup
[info] 
[info] First, let's associate this project directory with a Firebase project.
[info] You can create multiple project aliases by running firebase use --add, 
[info] but for now we'll just set up a default project.
[info] 
[debug] [2022-12-28T18:34:31.953Z] Using project from CLI flag: portifilo
[debug] [2022-12-28T18:34:31.977Z] > refreshing access token with scopes: []
[debug] [2022-12-28T18:34:31.983Z] >>> [apiv2][query] POST https://www.googleapis.com/oauth2/v3/token [none]
[debug] [2022-12-28T18:34:31.984Z] >>> [apiv2][body] POST https://www.googleapis.com/oauth2/v3/token [omitted]
[debug] [2022-12-28T18:34:36.419Z] <<< [apiv2][status] POST https://www.googleapis.com/oauth2/v3/token 200
[debug] [2022-12-28T18:34:36.419Z] <<< [apiv2][body] POST https://www.googleapis.com/oauth2/v3/token [omitted]
[debug] [2022-12-28T18:34:36.594Z] >>> [apiv2][query] GET https://firebase.googleapis.com/v1beta1/projects/portifilo [none]
[debug] [2022-12-28T18:34:43.944Z] <<< [apiv2][status] GET https://firebase.googleapis.com/v1beta1/projects/portifilo 200
[debug] [2022-12-28T18:34:43.944Z] <<< [apiv2][body] GET https://firebase.googleapis.com/v1beta1/projects/portifilo {"projectId":"portifilo","projectNumber":"955014425153","displayName":"portifilo","name":"projects/portifilo","resources":{"hostingSite":"portifilo"},"state":"ACTIVE","etag":"1_13d72843-0c96-449a-8698-e67470ff1c43"}
[info] i  Using project portifilo (portifilo) 
[info] 
=== Hosting Setup
[info] 
[info] Your public directory is the folder (relative to your project directory) that
[info] will contain Hosting assets to be uploaded with firebase deploy. If you
[info] have a build process for your assets, use your build's output directory.
[info] 
